<?xml version="1.0" encoding="UTF-8"?>
<testsuite name="com.github.gumtreediff.test.TestZsMatcher" tests="2" skipped="0" failures="0" errors="0" timestamp="2024-08-08T09:16:58" hostname="gangmilyeong-ui-iMac.local" time="0.004">
  <properties/>
  <testcase name="testWithCustomExample()" classname="com.github.gumtreediff.test.TestZsMatcher" time="0.002"/>
  <testcase name="testWithSlideExample()" classname="com.github.gumtreediff.test.TestZsMatcher" time="0.001"/>
  <system-out><![CDATA[]]></system-out>
  <system-err><![CDATA[]]></system-err>
</testsuite>
