<?xml version="1.0" encoding="UTF-8"?>
<testsuite name="com.github.gumtreediff.test.TestPair" tests="2" skipped="0" failures="0" errors="0" timestamp="2024-08-08T09:16:57" hostname="gangmilyeong-ui-iMac.local" time="0.002">
  <properties/>
  <testcase name="testToString()" classname="com.github.gumtreediff.test.TestPair" time="0.001"/>
  <testcase name="testEquals()" classname="com.github.gumtreediff.test.TestPair" time="0.001"/>
  <system-out><![CDATA[]]></system-out>
  <system-err><![CDATA[]]></system-err>
</testsuite>
