<?xml version="1.0" encoding="UTF-8"?>
<testsuite name="com.github.gumtreediff.test.TestGumtreeProperties" tests="6" skipped="0" failures="0" errors="0" timestamp="2024-08-08T09:16:57" hostname="gangmilyeong-ui-iMac.local" time="0.009">
  <properties/>
  <testcase name="testGreedyBottomUpMatcher()" classname="com.github.gumtreediff.test.TestGumtreeProperties" time="0.001"/>
  <testcase name="testAbstractSubtreeMatcher()" classname="com.github.gumtreediff.test.TestGumtreeProperties" time="0.001"/>
  <testcase name="testCompositeMatcher()" classname="com.github.gumtreediff.test.TestGumtreeProperties" time="0.002"/>
  <testcase name="testBottomUpMatcher()" classname="com.github.gumtreediff.test.TestGumtreeProperties" time="0.001"/>
  <testcase name="testChangeDistillerBottomUpMatcher()" classname="com.github.gumtreediff.test.TestGumtreeProperties" time="0.001"/>
  <testcase name="testChangeDistillerLeavesMatcher()" classname="com.github.gumtreediff.test.TestGumtreeProperties" time="0.001"/>
  <system-out><![CDATA[]]></system-out>
  <system-err><![CDATA[]]></system-err>
</testsuite>
