<?xml version="1.0" encoding="UTF-8"?>
<testsuite name="com.github.gumtreediff.test.TestDefaultPriorityTreeQueue" tests="4" skipped="0" failures="0" errors="0" timestamp="2024-08-08T09:16:57" hostname="gangmilyeong-ui-iMac.local" time="0.01">
  <properties/>
  <testcase name="testPopOpenWithHeight()" classname="com.github.gumtreediff.test.TestDefaultPriorityTreeQueue" time="0.002"/>
  <testcase name="testPopOpenWithSize()" classname="com.github.gumtreediff.test.TestDefaultPriorityTreeQueue" time="0.001"/>
  <testcase name="testPopOpenWithSizeAndMinPriority()" classname="com.github.gumtreediff.test.TestDefaultPriorityTreeQueue" time="0.002"/>
  <testcase name="testSynchronize()" classname="com.github.gumtreediff.test.TestDefaultPriorityTreeQueue" time="0.002"/>
  <system-out><![CDATA[]]></system-out>
  <system-err><![CDATA[]]></system-err>
</testsuite>
