<?xml version="1.0" encoding="UTF-8"?>
<testsuite name="com.github.gumtreediff.test.TestDirectoryComparator" tests="4" skipped="0" failures="0" errors="0" timestamp="2024-08-08T09:16:57" hostname="gangmilyeong-ui-iMac.local" time="0.017">
  <properties/>
  <testcase name="testDirectoryComparatorOnTwoFolders()" classname="com.github.gumtreediff.test.TestDirectoryComparator" time="0.008"/>
  <testcase name="testDirectoryComparatorOnFileAndFolder()" classname="com.github.gumtreediff.test.TestDirectoryComparator" time="0.005"/>
  <testcase name="testDirectoryComparatorOnNonExistentFiles()" classname="com.github.gumtreediff.test.TestDirectoryComparator" time="0.002"/>
  <testcase name="testDirectoryComparatorOnTwoFiles()" classname="com.github.gumtreediff.test.TestDirectoryComparator" time="0.001"/>
  <system-out><![CDATA[]]></system-out>
  <system-err><![CDATA[]]></system-err>
</testsuite>
