<?xml version="1.0" encoding="UTF-8"?>
<testsuite name="com.github.gumtreediff.test.TestTreeIoUtils" tests="4" skipped="0" failures="0" errors="0" timestamp="2024-08-08T09:16:58" hostname="gangmilyeong-ui-iMac.local" time="0.01">
  <properties/>
  <testcase name="testSerializeTree()" classname="com.github.gumtreediff.test.TestTreeIoUtils" time="0.002"/>
  <testcase name="testLineReader()" classname="com.github.gumtreediff.test.TestTreeIoUtils" time="0.003"/>
  <testcase name="testPrintTextTree()" classname="com.github.gumtreediff.test.TestTreeIoUtils" time="0.001"/>
  <testcase name="testDotFormatter()" classname="com.github.gumtreediff.test.TestTreeIoUtils" time="0.002"/>
  <system-out><![CDATA[]]></system-out>
  <system-err><![CDATA[]]></system-err>
</testsuite>
