<?xml version="1.0" encoding="UTF-8"?>
<testsuite name="com.github.gumtreediff.test.TestSimilarityMetrics" tests="4" skipped="0" failures="0" errors="0" timestamp="2024-08-08T09:16:57" hostname="gangmilyeong-ui-iMac.local" time="0.007">
  <properties/>
  <testcase name="testOverlapSimilarity()" classname="com.github.gumtreediff.test.TestSimilarityMetrics" time="0.002"/>
  <testcase name="testChawatheSimilarity()" classname="com.github.gumtreediff.test.TestSimilarityMetrics" time="0.002"/>
  <testcase name="testJaccardSimilarity()" classname="com.github.gumtreediff.test.TestSimilarityMetrics" time="0.002"/>
  <testcase name="testDiceSimilarity()" classname="com.github.gumtreediff.test.TestSimilarityMetrics" time="0.001"/>
  <system-out><![CDATA[]]></system-out>
  <system-err><![CDATA[]]></system-err>
</testsuite>
