<?xml version="1.0" encoding="UTF-8"?>
<testsuite name="com.github.gumtreediff.test.TestAlgorithms" tests="3" skipped="0" failures="0" errors="0" timestamp="2024-08-08T09:16:56" hostname="gangmilyeong-ui-iMac.local" time="0.007">
  <properties/>
  <testcase name="testLcs()" classname="com.github.gumtreediff.test.TestAlgorithms" time="0.003"/>
  <testcase name="testLcss()" classname="com.github.gumtreediff.test.TestAlgorithms" time="0.0"/>
  <testcase name="testHungarianAlgorithm()" classname="com.github.gumtreediff.test.TestAlgorithms" time="0.002"/>
  <system-out><![CDATA[]]></system-out>
  <system-err><![CDATA[]]></system-err>
</testsuite>
