<?xml version="1.0" encoding="UTF-8"?>
<testsuite name="com.github.gumtreediff.test.TestActionIo" tests="3" skipped="0" failures="0" errors="0" timestamp="2024-08-08T09:16:56" hostname="gangmilyeong-ui-iMac.local" time="0.044">
  <properties/>
  <testcase name="testBasicXmlActions()" classname="com.github.gumtreediff.test.TestActionIo" time="0.02"/>
  <testcase name="testBasicJsonActions()" classname="com.github.gumtreediff.test.TestActionIo" time="0.012"/>
  <testcase name="testBasicTextActions()" classname="com.github.gumtreediff.test.TestActionIo" time="0.011"/>
  <system-out><![CDATA[<?xml version="1.0" ?>
<matches>
  <match src="0: j [0,0]" dest="0: j [0,0]"/>
  <match src="0: f [0,0]" dest="0: y [0,0]"/>
  <match src="0: b [0,0]" dest="0: b [0,0]"/>
  <match src="0: e [0,0]" dest="0: e [0,0]"/>
  <match src="0: d [0,0]" dest="0: d [0,0]"/>
  <match src="0: a [0,0]" dest="0: z [0,0]"/>
  <match src="0: c [0,0]" dest="0: c [0,0]"/>
  <match src="0: k [0,0]" dest="0: k [0,0]"/>
</matches>
<actions>
  <insert-node tree="0: h [0,0]" parent="0: z [0,0]" at="1"/>
  <insert-node tree="0: x [0,0]" parent="0: z [0,0]" at="2"/>
  <move-tree tree="0: e [0,0]" parent="0: h [0,0]" at="0"/>
  <insert-node tree="0: w [0,0]" parent="0: x [0,0]" at="0"/>
  <insert-node tree="0: u [0,0]" parent="0: j [0,0]" at="0"/>
  <update-node tree="0: f [0,0]" label="y"/>
  <insert-node tree="0: v [0,0]" parent="0: u [0,0]" at="0"/>
  <move-tree tree="0: k [0,0]" parent="0: v [0,0]" at="0"/>
  <delete-node tree="0: h [0,0]"/>
  <delete-node tree="0: g [0,0]"/>
  <delete-node tree="0: i [0,0]"/>
</actions>

{
  "matches": [
    {
      "src": "0: c [0,0]",
      "dest": "0: c [0,0]"
    },
    {
      "src": "0: e [0,0]",
      "dest": "0: e [0,0]"
    },
    {
      "src": "0: f [0,0]",
      "dest": "0: y [0,0]"
    },
    {
      "src": "0: k [0,0]",
      "dest": "0: k [0,0]"
    },
    {
      "src": "0: d [0,0]",
      "dest": "0: d [0,0]"
    },
    {
      "src": "0: a [0,0]",
      "dest": "0: z [0,0]"
    },
    {
      "src": "0: j [0,0]",
      "dest": "0: j [0,0]"
    },
    {
      "src": "0: b [0,0]",
      "dest": "0: b [0,0]"
    }
  ],
  "actions": [
    {
      "action": "insert-node",
      "tree": "0: h [0,0]",
      "parent": "0: z [0,0]",
      "at": 1
    },
    {
      "action": "insert-node",
      "tree": "0: x [0,0]",
      "parent": "0: z [0,0]",
      "at": 2
    },
    {
      "action": "move-tree",
      "tree": "0: e [0,0]",
      "parent": "0: h [0,0]",
      "at": 0
    },
    {
      "action": "insert-node",
      "tree": "0: w [0,0]",
      "parent": "0: x [0,0]",
      "at": 0
    },
    {
      "action": "insert-node",
      "tree": "0: u [0,0]",
      "parent": "0: j [0,0]",
      "at": 0
    },
    {
      "action": "update-node",
      "tree": "0: f [0,0]",
      "label": "y"
    },
    {
      "action": "insert-node",
      "tree": "0: v [0,0]",
      "parent": "0: u [0,0]",
      "at": 0
    },
    {
      "action": "move-tree",
      "tree": "0: k [0,0]",
      "parent": "0: v [0,0]",
      "at": 0
    },
    {
      "action": "delete-node",
      "tree": "0: h [0,0]"
    },
    {
      "action": "delete-node",
      "tree": "0: g [0,0]"
    },
    {
      "action": "delete-node",
      "tree": "0: i [0,0]"
    }
  ]
}
===
match
---
0: c [0,0]
0: c [0,0]
===
match
---
0: j [0,0]
0: j [0,0]
===
match
---
0: b [0,0]
0: b [0,0]
===
match
---
0: a [0,0]
0: z [0,0]
===
match
---
0: d [0,0]
0: d [0,0]
===
match
---
0: f [0,0]
0: y [0,0]
===
match
---
0: e [0,0]
0: e [0,0]
===
match
---
0: k [0,0]
0: k [0,0]
===
insert-node
---
0: h [0,0]
to
0: a [0,0]
at 2
===
insert-node
---
0: x [0,0]
to
0: a [0,0]
at 3
===
move-tree
---
0: e [0,0]
    0: f [0,0]
to
0: h [0,0]
at 0
===
insert-node
---
0: w [0,0]
to
0: x [0,0]
at 0
===
insert-node
---
0: u [0,0]
to
0: j [0,0]
at 0
===
update-node
---
0: f [0,0]
replace f by y
===
insert-node
---
0: v [0,0]
to
0: u [0,0]
at 0
===
move-tree
---
0: k [0,0]
to
0: v [0,0]
at 0
===
delete-node
---
0: h [0,0]
===
===
delete-node
---
0: g [0,0]
===
===
delete-node
---
0: i [0,0]
===

]]></system-out>
  <system-err><![CDATA[]]></system-err>
</testsuite>
