<?xml version="1.0" encoding="UTF-8"?>
<testsuite name="com.github.gumtreediff.test.TestRegistries" tests="2" skipped="0" failures="0" errors="0" timestamp="2024-08-08T09:16:57" hostname="gangmilyeong-ui-iMac.local" time="0.001">
  <properties/>
  <testcase name="testTreeGenerators()" classname="com.github.gumtreediff.test.TestRegistries" time="0.0"/>
  <testcase name="testMatchers()" classname="com.github.gumtreediff.test.TestRegistries" time="0.0"/>
  <system-out><![CDATA[]]></system-out>
  <system-err><![CDATA[]]></system-err>
</testsuite>
