<?xml version="1.0" encoding="UTF-8"?>
<testsuite name="com.github.gumtreediff.test.TestMappingStore" tests="2" skipped="0" failures="0" errors="0" timestamp="2024-08-08T09:16:57" hostname="gangmilyeong-ui-iMac.local" time="0.003">
  <properties/>
  <testcase name="testMultiMappingStore()" classname="com.github.gumtreediff.test.TestMappingStore" time="0.001"/>
  <testcase name="testMappingStore()" classname="com.github.gumtreediff.test.TestMappingStore" time="0.001"/>
  <system-out><![CDATA[foo [0,0] -> foo [0,0], foo [0,0]
foo [0,0] -> foo [0,0]

]]></system-out>
  <system-err><![CDATA[]]></system-err>
</testsuite>
