<?xml version="1.0" encoding="UTF-8"?>
<testsuite name="com.github.gumtreediff.test.TestTreeClassifier" tests="2" skipped="0" failures="0" errors="0" timestamp="2024-08-08T09:16:58" hostname="gangmilyeong-ui-iMac.local" time="0.007">
  <properties/>
  <testcase name="testOnlyRootsClassifier()" classname="com.github.gumtreediff.test.TestTreeClassifier" time="0.004"/>
  <testcase name="testAllNodesClassifier()" classname="com.github.gumtreediff.test.TestTreeClassifier" time="0.002"/>
  <system-out><![CDATA[]]></system-out>
  <system-err><![CDATA[]]></system-err>
</testsuite>
