<?xml version="1.0" encoding="UTF-8"?>
<testsuite name="com.github.gumtreediff.test.TestMetadata" tests="6" skipped="0" failures="0" errors="0" timestamp="2024-08-08T09:16:57" hostname="gangmilyeong-ui-iMac.local" time="0.01">
  <properties/>
  <testcase name="testExportInvalid1()" classname="com.github.gumtreediff.test.TestMetadata" time="0.001"/>
  <testcase name="testExportInvalid2()" classname="com.github.gumtreediff.test.TestMetadata" time="0.001"/>
  <testcase name="testPutNode()" classname="com.github.gumtreediff.test.TestMetadata" time="0.001"/>
  <testcase name="testExportCustom()" classname="com.github.gumtreediff.test.TestMetadata" time="0.004"/>
  <testcase name="testGlobalIterator()" classname="com.github.gumtreediff.test.TestMetadata" time="0.001"/>
  <testcase name="testLocalIterator()" classname="com.github.gumtreediff.test.TestMetadata" time="0.001"/>
  <system-out><![CDATA[]]></system-out>
  <system-err><![CDATA[]]></system-err>
</testsuite>
