<?xml version="1.0" encoding="UTF-8"?>
<testsuite name="com.github.gumtreediff.gen.yaml.TestYamlGenerator" tests="2" skipped="0" failures="0" errors="0" timestamp="2024-08-08T09:18:07" hostname="gangmilyeong-ui-iMac.local" time="0.036">
  <properties/>
  <testcase name="testSyntaxError()" classname="com.github.gumtreediff.gen.yaml.TestYamlGenerator" time="0.03"/>
  <testcase name="testSimpleSyntax()" classname="com.github.gumtreediff.gen.yaml.TestYamlGenerator" time="0.004"/>
  <system-out><![CDATA[]]></system-out>
  <system-err><![CDATA[]]></system-err>
</testsuite>
