<?xml version="1.0" encoding="UTF-8"?>
<testsuite name="com.github.gumtreediff.gen.jdt.TestJdtMatching" tests="13" skipped="13" failures="0" errors="0" timestamp="2024-08-08T09:17:56" hostname="gangmilyeong-ui-iMac.local" time="0.007">
  <properties/>
  <testcase name="testCase_1_20391Classic()" classname="com.github.gumtreediff.gen.jdt.TestJdtMatching" time="0.0">
    <skipped/>
  </testcase>
  <testcase name="testSpurious1WithClassicDefault()" classname="com.github.gumtreediff.gen.jdt.TestJdtMatching" time="0.0">
    <skipped/>
  </testcase>
  <testcase name="testSpurious1WithSimple()" classname="com.github.gumtreediff.gen.jdt.TestJdtMatching" time="0.0">
    <skipped/>
  </testcase>
  <testcase name="testCase_1_0007_Classic()" classname="com.github.gumtreediff.gen.jdt.TestJdtMatching" time="0.0">
    <skipped/>
  </testcase>
  <testcase name="testSpurious1WithClassic1_Default_0007d191fec7fe2d6a0c4e87594cb286a553f92c()" classname="com.github.gumtreediff.gen.jdt.TestJdtMatching" time="0.0">
    <skipped/>
  </testcase>
  <testcase name="testCase_1_0a66_Simple()" classname="com.github.gumtreediff.gen.jdt.TestJdtMatching" time="0.0">
    <skipped/>
  </testcase>
  <testcase name="testNotSpurious1()" classname="com.github.gumtreediff.gen.jdt.TestJdtMatching" time="0.0">
    <skipped/>
  </testcase>
  <testcase name="testSpurious1WithClassicConfiguredGreedySubtreeMatcher()" classname="com.github.gumtreediff.gen.jdt.TestJdtMatching" time="0.001">
    <skipped/>
  </testcase>
  <testcase name="testSpurious1WithClassicConfiguredGreedyBottomUpMatcher()" classname="com.github.gumtreediff.gen.jdt.TestJdtMatching" time="0.0">
    <skipped/>
  </testcase>
  <testcase name="testCase_1_0007_Simple()" classname="com.github.gumtreediff.gen.jdt.TestJdtMatching" time="0.001">
    <skipped/>
  </testcase>
  <testcase name="testSpurious1WithClassic_Configured_1_0007d191fec7fe2d6a0c4e87594cb286a553f92c()" classname="com.github.gumtreediff.gen.jdt.TestJdtMatching" time="0.0">
    <skipped/>
  </testcase>
  <testcase name="testSpurious1WithClassic_Configured4Passing_1_0007d191fec7fe2d6a0c4e87594cb286a553f92c()" classname="com.github.gumtreediff.gen.jdt.TestJdtMatching" time="0.0">
    <skipped/>
  </testcase>
  <testcase name="testSpurious1WithSimple_0007d191fec7fe2d6a0c4e87594cb286a553f92c()" classname="com.github.gumtreediff.gen.jdt.TestJdtMatching" time="0.0">
    <skipped/>
  </testcase>
  <system-out><![CDATA[]]></system-out>
  <system-err><![CDATA[]]></system-err>
</testsuite>
